<?xml version="1.0" encoding="UTF-8"?>
<!-- Generated by org.testng.reporters.JUnitReportReporter -->
<testsuite skipped="0" hostname="DESKTOP-UFRU2M0" name="com.abc.commonfunctionality.NewTest" tests="5" failures="0" timestamp="2023-01-17T08:11:40 IST" time="0.030" errors="0">
  <testcase name="f" time="0.005" classname="com.abc.commonfunctionality.NewTest"/>
  <system-out/>
  <testcase name="f" time="0.007" classname="com.abc.commonfunctionality.NewTest"/>
  <system-out/>
  <testcase name="f" time="0.003" classname="com.abc.commonfunctionality.NewTest"/>
  <system-out/>
  <testcase name="f" time="0.003" classname="com.abc.commonfunctionality.NewTest"/>
  <system-out/>
  <testcase name="f" time="0.012" classname="com.abc.commonfunctionality.NewTest"/>
  <system-out/>
</testsuite> <!-- com.abc.commonfunctionality.NewTest -->
